<?xml version="1.0" encoding="UTF-8"?>
<!-- Generated by org.testng.reporters.JUnitReportReporter -->
<testsuite hostname="DESKTOP-D0KNPKQ" failures="0" tests="9" name="dataprovider.PassingDataFromExcel" time="50.167" errors="0" timestamp="02 May 2020 06:07:18 GMT" skipped="0">
  <testcase classname="dataprovider.PassingDataFromExcel" name="foreignKeyAdaptor" time="5.330"/>
  <testcase classname="dataprovider.PassingDataFromExcel" name="foreignKeyAdaptor" time="5.682"/>
  <testcase classname="dataprovider.PassingDataFromExcel" name="foreignKeyAdaptor" time="5.460"/>
  <testcase classname="dataprovider.PassingDataFromExcel" name="foreignKeyAdaptor" time="5.613"/>
  <testcase classname="dataprovider.PassingDataFromExcel" name="foreignKeyAdaptor" time="5.430"/>
  <testcase classname="dataprovider.PassingDataFromExcel" name="foreignKeyAdaptor" time="5.650"/>
  <testcase classname="dataprovider.PassingDataFromExcel" name="foreignKeyAdaptor" time="5.471"/>
  <testcase classname="dataprovider.PassingDataFromExcel" name="foreignKeyAdaptor" time="5.294"/>
  <testcase classname="dataprovider.PassingDataFromExcel" name="foreignKeyAdaptor" time="6.237"/>
</testsuite> <!-- dataprovider.PassingDataFromExcel -->
